<?xml version="1.0" encoding="UTF-8"?>
<!-- Generated by org.testng.reporters.JUnitXMLReporter -->
<testsuite hostname="DESKTOP-D6P93GQ" ignored="38" name="Default test" tests="1" failures="0" timestamp="2023-02-20T17:10:23 PST" time="70.73" errors="0">
  <testcase name="TC_37_Blockingcalenderweeklyrecurrance" time="65.395" classname="com.salesforcetest.salesforceTestCase"/>
  <testcase name="TC_13_Mergeaccounts" time="0.0" classname="com.salesforcetest.salesforceTestCase">
    <ignored/>
  </testcase> <!-- TC_13_Mergeaccounts -->
  <testcase name="TC_6_SelectMyProfile" time="0.0" classname="com.salesforcetest.salesforceTestCase">
    <ignored/>
  </testcase> <!-- TC_6_SelectMyProfile -->
  <testcase name="TC_32_CheckingSaveandNewbutton" time="0.0" classname="com.salesforcetest.salesforceTestCase">
    <ignored/>
  </testcase> <!-- TC_32_CheckingSaveandNewbutton -->
  <testcase name="TC_14_Createaccountreport" time="0.0" classname="com.salesforcetest.salesforceTestCase">
    <ignored/>
  </testcase> <!-- TC_14_Createaccountreport -->
  <testcase name="TC_26_CreatenewviewintheContactPage" time="0.0" classname="com.salesforcetest.salesforceTestCase">
    <ignored/>
  </testcase> <!-- TC_26_CreatenewviewintheContactPage -->
  <testcase name="TC_20_leadstab" time="0.0" classname="com.salesforcetest.salesforceTestCase">
    <ignored/>
  </testcase> <!-- TC_20_leadstab -->
  <testcase name="TC_35_Verifycustomizationtab" time="0.0" classname="com.salesforcetest.salesforceTestCase">
    <ignored/>
  </testcase> <!-- TC_35_Verifycustomizationtab -->
  <testcase name="TC_4B_validateinvalidUsernameandPassword" time="0.0" classname="com.salesforcetest.salesforceTestCase">
    <ignored/>
  </testcase> <!-- TC_4B_validateinvalidUsernameandPassword -->
  <testcase name="TC_27_Checkrecentlycreatedcontact" time="0.0" classname="com.salesforcetest.salesforceTestCase">
    <ignored/>
  </testcase> <!-- TC_27_Checkrecentlycreatedcontact -->
  <testcase name="TC_19_TestQuarterlySummaryReport" time="0.0" classname="com.salesforcetest.salesforceTestCase">
    <ignored/>
  </testcase> <!-- TC_19_TestQuarterlySummaryReport -->
  <testcase name="TC_33" time="0.0" classname="com.salesforcetest.salesforceTestCase">
    <ignored/>
  </testcase> <!-- TC_33 -->
  <testcase name="TC_8_Selectdeveloperconsole" time="0.0" classname="com.salesforcetest.salesforceTestCase">
    <ignored/>
  </testcase> <!-- TC_8_Selectdeveloperconsole -->
  <testcase name="TC_9_SelectLogout" time="0.0" classname="com.salesforcetest.salesforceTestCase">
    <ignored/>
  </testcase> <!-- TC_9_SelectLogout -->
  <testcase name="TC_21_leadsSelectView" time="0.0" classname="com.salesforcetest.salesforceTestCase">
    <ignored/>
  </testcase> <!-- TC_21_leadsSelectView -->
  <testcase name="TC_3_rememberMe" time="0.0" classname="com.salesforcetest.salesforceTestCase">
    <ignored/>
  </testcase> <!-- TC_3_rememberMe -->
  <testcase name="TC_18_TestStuckOpportunitiesReport" time="0.0" classname="com.salesforcetest.salesforceTestCase">
    <ignored/>
  </testcase> <!-- TC_18_TestStuckOpportunitiesReport -->
  <testcase name="TC_23_TodaysLeads" time="0.0" classname="com.salesforcetest.salesforceTestCase">
    <ignored/>
  </testcase> <!-- TC_23_TodaysLeads -->
  <testcase name="TC_30_ChecktheContactErrormessage" time="0.0" classname="com.salesforcetest.salesforceTestCase">
    <ignored/>
  </testcase> <!-- TC_30_ChecktheContactErrormessage -->
  <testcase name="TC_1_loginToSalesforce" time="0.0" classname="com.salesforcetest.salesforceTestCase">
    <ignored/>
  </testcase> <!-- TC_1_loginToSalesforce -->
  <testcase name="TC_15_opportunitiesdropdown" time="0.0" classname="com.salesforcetest.salesforceTestCase">
    <ignored/>
  </testcase> <!-- TC_15_opportunitiesdropdown -->
  <testcase name="TC_31_CheckingCancelbutton" time="0.0" classname="com.salesforcetest.salesforceTestCase">
    <ignored/>
  </testcase> <!-- TC_31_CheckingCancelbutton -->
  <testcase name="TC_10_CreateanAccount" time="0.0" classname="com.salesforcetest.salesforceTestCase">
    <ignored/>
  </testcase> <!-- TC_10_CreateanAccount -->
  <testcase name="TC_25_Createnewcontact" time="0.0" classname="com.salesforcetest.salesforceTestCase">
    <ignored/>
  </testcase> <!-- TC_25_Createnewcontact -->
  <testcase name="TC_2_Errorloginsalesforce" time="0.0" classname="com.salesforcetest.salesforceTestCase">
    <ignored/>
  </testcase> <!-- TC_2_Errorloginsalesforce -->
  <testcase name="TC_7_SelectMysettings" time="0.0" classname="com.salesforcetest.salesforceTestCase">
    <ignored/>
  </testcase> <!-- TC_7_SelectMysettings -->
  <testcase name="TC_11_Createnewview" time="0.0" classname="com.salesforcetest.salesforceTestCase">
    <ignored/>
  </testcase> <!-- TC_11_Createnewview -->
  <testcase name="TC_16_CreatenewOpty" time="0.0" classname="com.salesforcetest.salesforceTestCase">
    <ignored/>
  </testcase> <!-- TC_16_CreatenewOpty -->
  <testcase name="TC_24_CheckNewbutton" time="0.0" classname="com.salesforcetest.salesforceTestCase">
    <ignored/>
  </testcase> <!-- TC_24_CheckNewbutton -->
  <testcase name="TC_36_Blockingeventcalender" time="0.0" classname="com.salesforcetest.salesforceTestCase">
    <ignored/>
  </testcase> <!-- TC_36_Blockingeventcalender -->
  <testcase name="TC_28_CheckMycontacts" time="0.0" classname="com.salesforcetest.salesforceTestCase">
    <ignored/>
  </testcase> <!-- TC_28_CheckMycontacts -->
  <testcase name="TC_34" time="0.0" classname="com.salesforcetest.salesforceTestCase">
    <ignored/>
  </testcase> <!-- TC_34 -->
  <testcase name="TC_5_Selectusermenudropdown" time="0.0" classname="com.salesforcetest.salesforceTestCase">
    <ignored/>
  </testcase> <!-- TC_5_Selectusermenudropdown -->
  <testcase name="TC_17_TestOpportunityPipelineReport" time="0.0" classname="com.salesforcetest.salesforceTestCase">
    <ignored/>
  </testcase> <!-- TC_17_TestOpportunityPipelineReport -->
  <testcase name="verifyPageTitleTest" time="0.0" classname="com.salesforcetest.salesforceTestCase">
    <ignored/>
  </testcase> <!-- verifyPageTitleTest -->
  <testcase name="TC_22_defaultView" time="0.0" classname="com.salesforcetest.salesforceTestCase">
    <ignored/>
  </testcase> <!-- TC_22_defaultView -->
  <testcase name="TC_29_ViewcontactinthecontactPage" time="0.0" classname="com.salesforcetest.salesforceTestCase">
    <ignored/>
  </testcase> <!-- TC_29_ViewcontactinthecontactPage -->
  <testcase name="TC_4A_switchToForgotPassword" time="0.0" classname="com.salesforcetest.salesforceTestCase">
    <ignored/>
  </testcase> <!-- TC_4A_switchToForgotPassword -->
  <testcase name="TC_12_Editview" time="0.0" classname="com.salesforcetest.salesforceTestCase">
    <ignored/>
  </testcase> <!-- TC_12_Editview -->
</testsuite> <!-- Default test -->
